<?xml version="1.0" encoding="UTF-8"?>
<!-- Generated by org.testng.reporters.JUnitReportReporter -->
<testsuite skipped="0" hostname="QTLSYS0-225" name="tests.QCStore" tests="16" failures="1" timestamp="10 Dec 2020 02:23:07 GMT" time="27798.346" errors="0">
  <testcase name="QC_3Payments_Refinance_Semimonthly_StepUp_Txn_Testdata" time="296.802" classname="tests.QCStore">
    <failure type="java.lang.AssertionError" message="expected [true] but found [false]">
      <![CDATA[java.lang.AssertionError: expected [true] but found [false]
at org.testng.Assert.fail(Assert.java:96)
at org.testng.Assert.failNotEquals(Assert.java:776)
at org.testng.Assert.assertTrue(Assert.java:44)
at org.testng.Assert.assertTrue(Assert.java:54)
at tests.RQCCSRNewLoan.newLoan(RQCCSRNewLoan.java:272)
at tests.QCStore.QC_3Payments_Refinance_Semimonthly_StepUp_Txn_Testdata(QCStore.java:255)
at sun.reflect.NativeMethodAccessorImpl.invoke0(Native Method)
at sun.reflect.NativeMethodAccessorImpl.invoke(Unknown Source)
at sun.reflect.DelegatingMethodAccessorImpl.invoke(Unknown Source)
at java.lang.reflect.Method.invoke(Unknown Source)
at org.testng.internal.MethodInvocationHelper.invokeMethod(MethodInvocationHelper.java:124)
at org.testng.internal.Invoker.invokeMethod(Invoker.java:583)
at org.testng.internal.Invoker.invokeTestMethod(Invoker.java:719)
at org.testng.internal.Invoker.invokeTestMethods(Invoker.java:989)
at org.testng.internal.TestMethodWorker.invokeTestMethods(TestMethodWorker.java:125)
at org.testng.internal.TestMethodWorker.run(TestMethodWorker.java:109)
at org.testng.TestRunner.privateRun(TestRunner.java:648)
at org.testng.TestRunner.run(TestRunner.java:505)
at org.testng.SuiteRunner.runTest(SuiteRunner.java:455)
at org.testng.SuiteRunner.runSequentially(SuiteRunner.java:450)
at org.testng.SuiteRunner.privateRun(SuiteRunner.java:415)
at org.testng.SuiteRunner.run(SuiteRunner.java:364)
at org.testng.SuiteRunnerWorker.runSuite(SuiteRunnerWorker.java:52)
at org.testng.SuiteRunnerWorker.run(SuiteRunnerWorker.java:84)
at org.testng.TestNG.runSuitesSequentially(TestNG.java:1208)
at org.testng.TestNG.runSuitesLocally(TestNG.java:1137)
at org.testng.TestNG.runSuites(TestNG.java:1049)
at org.testng.TestNG.run(TestNG.java:1017)
at org.testng.remote.AbstractRemoteTestNG.run(AbstractRemoteTestNG.java:114)
at org.testng.remote.RemoteTestNG.initAndRun(RemoteTestNG.java:251)
at org.testng.remote.RemoteTestNG.main(RemoteTestNG.java:77)
]]>
    </failure>
  </testcase> <!-- QC_3Payments_Refinance_Semimonthly_StepUp_Txn_Testdata -->
  <testcase name="QC_3Payments_Refinance_Semimonthly_StepUp_LoanAmt_Edit_Txn_Testdata" time="1793.792" classname="tests.QCStore"/>
  <testcase name="QC_3Payments_Refinance_Semimonthly_StepUp_NoCashout_Txn_Testdata" time="2062.600" classname="tests.QCStore"/>
  <testcase name="QC_3Payments_Refinance_Weekly_StepUp_Txn_Testdata" time="1891.570" classname="tests.QCStore"/>
  <testcase name="QC_3Payments_Refinance_Weekly_StepSame_LoanAmountEdit_Txn_Testdata" time="2027.228" classname="tests.QCStore"/>
  <testcase name="QC_3Payments_Refinance_Weekly_StepUp_NoCash_Txn_Testdata" time="1766.177" classname="tests.QCStore"/>
  <testcase name="QC_3Payments_Refinance_BiWeekly_StepUp_Txn_Testdata" time="1895.840" classname="tests.QCStore"/>
  <testcase name="QC_3Payments_Refinance_BiWeekly_StepDown_LoanAmountEdit_Txn_Testdata" time="1694.280" classname="tests.QCStore"/>
  <testcase name="QC_3Payments_Refinance_BiWeekly_StepUp_NoCash_Txn_Testdata" time="1991.455" classname="tests.QCStore"/>
  <testcase name="QC_3Payments_Refinance_Monthly_StepUp_NoCash_Txn_Testdata" time="1812.961" classname="tests.QCStore"/>
  <testcase name="QC_3Payments_Refinance_Monthly_StepUp_Txn_Testdata" time="1841.086" classname="tests.QCStore"/>
  <testcase name="QC_3Payments_Refinance_Monthly_StepDown_LoanAmountEdit_Txn_Testdata" time="1841.610" classname="tests.QCStore"/>
  <testcase name="QC_3Payments_Refinance_Monthly_StepDown_NoCash_Txn_Testdata" time="1858.386" classname="tests.QCStore"/>
  <testcase name="QC_2Payments_Refinance_Monthly_StepUp_Txn_Testdata" time="1594.234" classname="tests.QCStore"/>
  <testcase name="QC_2Payments_Refinance_Monthly_StepDown_Txn_Testdata" time="1641.447" classname="tests.QCStore"/>
  <testcase name="QC_2Payments_Refinance_Monthly_StepSame_Txn_Testdata" time="1788.878" classname="tests.QCStore"/>
</testsuite> <!-- tests.QCStore -->
